# JRE version: OpenJDK Runtime Environment (8.0_242-b01) (build 1.8.0_242-release-1644-b01)
# Java VM: OpenJDK 64-Bit Server VM (25.242-b01 mixed mode windows-amd64 compressed oops)
Heap:
 PSYoungGen      total 464896K, used 113791K [0x00000000e0000000, 0x00000000fff80000, 0x0000000100000000)
  eden space 414208K, 21% used [0x00000000e0000000,0x00000000e55eb5c8,0x00000000f9480000)
  from space 50688K, 50% used [0x00000000f9480000,0x00000000fadb48b0,0x00000000fc600000)
  to   space 49152K, 0% used [0x00000000fcf80000,0x00000000fcf80000,0x00000000fff80000)
 ParOldGen       total 209408K, used 134294K [0x00000000a0000000, 0x00000000acc80000, 0x00000000e0000000)
  object space 209408K, 64% used [0x00000000a0000000,0x00000000a8325a98,0x00000000acc80000)
 Metaspace       used 97725K, capacity 101976K, committed 103320K, reserved 1138688K
  class space    used 12580K, capacity 13502K, committed 13736K, reserved 1048576K
GC Heap History (10 events):
Event: 88.495 GC heap before
{Heap before GC invocations=32 (full 5):
 PSYoungGen      total 459264K, used 410755K [0x00000000e0000000, 0x00000000ffd80000, 0x0000000100000000)
  eden space 398848K, 100% used [0x00000000e0000000,0x00000000f8580000,0x00000000f8580000)
  from space 60416K, 19% used [0x00000000fc280000,0x00000000fce20f50,0x00000000ffd80000)
  to   space 61440K, 0% used [0x00000000f8580000,0x00000000f8580000,0x00000000fc180000)
 ParOldGen       total 209408K, used 134294K [0x00000000a0000000, 0x00000000acc80000, 0x00000000e0000000)
  object space 209408K, 64% used [0x00000000a0000000,0x00000000a8325a98,0x00000000acc80000)
 Metaspace       used 97609K, capacity 101836K, committed 103320K, reserved 1138688K
  class space    used 12578K, capacity 13502K, committed 13736K, reserved 1048576K
Event: 88.531 GC heap after
Heap after GC invocations=32 (full 5):
 PSYoungGen      total 460288K, used 14704K [0x00000000e0000000, 0x00000000ffd00000, 0x0000000100000000)
  eden space 398848K, 0% used [0x00000000e0000000,0x00000000e0000000,0x00000000f8580000)
  from space 61440K, 23% used [0x00000000f8580000,0x00000000f93dc3f8,0x00000000fc180000)
  to   space 59392K, 0% used [0x00000000fc300000,0x00000000fc300000,0x00000000ffd00000)
 ParOldGen       total 209408K, used 134294K [0x00000000a0000000, 0x00000000acc80000, 0x00000000e0000000)
  object space 209408K, 64% used [0x00000000a0000000,0x00000000a8325a98,0x00000000acc80000)
 Metaspace       used 97609K, capacity 101836K, committed 103320K, reserved 1138688K
  class space    used 12578K, capacity 13502K, committed 13736K, reserved 1048576K
}
Event: 89.796 GC heap before
{Heap before GC invocations=33 (full 5):
 PSYoungGen      total 460288K, used 413552K [0x00000000e0000000, 0x00000000ffd00000, 0x0000000100000000)
  eden space 398848K, 100% used [0x00000000e0000000,0x00000000f8580000,0x00000000f8580000)
  from space 61440K, 23% used [0x00000000f8580000,0x00000000f93dc3f8,0x00000000fc180000)
  to   space 59392K, 0% used [0x00000000fc300000,0x00000000fc300000,0x00000000ffd00000)
 ParOldGen       total 209408K, used 134294K [0x00000000a0000000, 0x00000000acc80000, 0x00000000e0000000)
  object space 209408K, 64% used [0x00000000a0000000,0x00000000a8325a98,0x00000000acc80000)
 Metaspace       used 97641K, capacity 101840K, committed 103320K, reserved 1138688K
  class space    used 12578K, capacity 13502K, committed 13736K, reserved 1048576K
Event: 89.837 GC heap after
Heap after GC invocations=33 (full 5):
 PSYoungGen      total 457728K, used 20212K [0x00000000e0000000, 0x00000000ff800000, 0x0000000100000000)
  eden space 403456K, 0% used [0x00000000e0000000,0x00000000e0000000,0x00000000f8a00000)
  from space 54272K, 37% used [0x00000000fc300000,0x00000000fd6bd3c8,0x00000000ff800000)
  to   space 56320K, 0% used [0x00000000f8a00000,0x00000000f8a00000,0x00000000fc100000)
 ParOldGen       total 209408K, used 134294K [0x00000000a0000000, 0x00000000acc80000, 0x00000000e0000000)
  object space 209408K, 64% used [0x00000000a0000000,0x00000000a8325a98,0x00000000acc80000)
 Metaspace       used 97641K, capacity 101840K, committed 103320K, reserved 1138688K
  class space    used 12578K, capacity 13502K, committed 13736K, reserved 1048576K
}
Event: 90.921 GC heap before
{Heap before GC invocations=34 (full 5):
 PSYoungGen      total 457728K, used 423668K [0x00000000e0000000, 0x00000000ff800000, 0x0000000100000000)
  eden space 403456K, 100% used [0x00000000e0000000,0x00000000f8a00000,0x00000000f8a00000)
  from space 54272K, 37% used [0x00000000fc300000,0x00000000fd6bd3c8,0x00000000ff800000)
  to   space 56320K, 0% used [0x00000000f8a00000,0x00000000f8a00000,0x00000000fc100000)
 ParOldGen       total 209408K, used 134294K [0x00000000a0000000, 0x00000000acc80000, 0x00000000e0000000)
  object space 209408K, 64% used [0x00000000a0000000,0x00000000a8325a98,0x00000000acc80000)
 Metaspace       used 97663K, capacity 101904K, committed 103320K, reserved 1138688K
  class space    used 12579K, capacity 13502K, committed 13736K, reserved 1048576K
Event: 90.956 GC heap after
Heap after GC invocations=34 (full 5):
 PSYoungGen      total 459776K, used 18852K [0x00000000e0000000, 0x00000000ffd00000, 0x0000000100000000)
  eden space 403456K, 0% used [0x00000000e0000000,0x00000000e0000000,0x00000000f8a00000)
  from space 56320K, 33% used [0x00000000f8a00000,0x00000000f9c69098,0x00000000fc100000)
  to   space 53760K, 0% used [0x00000000fc880000,0x00000000fc880000,0x00000000ffd00000)
 ParOldGen       total 209408K, used 134294K [0x00000000a0000000, 0x00000000acc80000, 0x00000000e0000000)
  object space 209408K, 64% used [0x00000000a0000000,0x00000000a8325a98,0x00000000acc80000)
 Metaspace       used 97663K, capacity 101904K, committed 103320K, reserved 1138688K
  class space    used 12579K, capacity 13502K, committed 13736K, reserved 1048576K
}
Event: 92.181 GC heap before
{Heap before GC invocations=35 (full 5):
 PSYoungGen      total 459776K, used 422308K [0x00000000e0000000, 0x00000000ffd00000, 0x0000000100000000)
  eden space 403456K, 100% used [0x00000000e0000000,0x00000000f8a00000,0x00000000f8a00000)
  from space 56320K, 33% used [0x00000000f8a00000,0x00000000f9c69098,0x00000000fc100000)
  to   space 53760K, 0% used [0x00000000fc880000,0x00000000fc880000,0x00000000ffd00000)
 ParOldGen       total 209408K, used 134294K [0x00000000a0000000, 0x00000000acc80000, 0x00000000e0000000)
  object space 209408K, 64% used [0x00000000a0000000,0x00000000a8325a98,0x00000000acc80000)
 Metaspace       used 97691K, capacity 101972K, committed 103320K, reserved 1138688K
  class space    used 12579K, capacity 13502K, committed 13736K, reserved 1048576K
Event: 92.210 GC heap after
Heap after GC invocations=35 (full 5):
 PSYoungGen      total 462336K, used 22260K [0x00000000e0000000, 0x00000000ff780000, 0x0000000100000000)
  eden space 414208K, 0% used [0x00000000e0000000,0x00000000e0000000,0x00000000f9480000)
  from space 48128K, 46% used [0x00000000fc880000,0x00000000fde3d320,0x00000000ff780000)
  to   space 50688K, 0% used [0x00000000f9480000,0x00000000f9480000,0x00000000fc600000)
 ParOldGen       total 209408K, used 134294K [0x00000000a0000000, 0x00000000acc80000, 0x00000000e0000000)
  object space 209408K, 64% used [0x00000000a0000000,0x00000000a8325a98,0x00000000acc80000)
 Metaspace       used 97691K, capacity 101972K, committed 103320K, reserved 1138688K
  class space    used 12579K, capacity 13502K, committed 13736K, reserved 1048576K
}
Event: 93.432 GC heap before
{Heap before GC invocations=36 (full 5):
 PSYoungGen      total 462336K, used 436468K [0x00000000e0000000, 0x00000000ff780000, 0x0000000100000000)
  eden space 414208K, 100% used [0x00000000e0000000,0x00000000f9480000,0x00000000f9480000)
  from space 48128K, 46% used [0x00000000fc880000,0x00000000fde3d320,0x00000000ff780000)
  to   space 50688K, 0% used [0x00000000f9480000,0x00000000f9480000,0x00000000fc600000)
 ParOldGen       total 209408K, used 134294K [0x00000000a0000000, 0x00000000acc80000, 0x00000000e0000000)
  object space 209408K, 64% used [0x00000000a0000000,0x00000000a8325a98,0x00000000acc80000)
 Metaspace       used 97722K, capacity 101976K, committed 103320K, reserved 1138688K
  class space    used 12580K, capacity 13502K, committed 13736K, reserved 1048576K
Event: 93.490 GC heap after
Heap after GC invocations=36 (full 5):
 PSYoungGen      total 464896K, used 25810K [0x00000000e0000000, 0x00000000fff80000, 0x0000000100000000)
  eden space 414208K, 0% used [0x00000000e0000000,0x00000000e0000000,0x00000000f9480000)
  from space 50688K, 50% used [0x00000000f9480000,0x00000000fadb48b0,0x00000000fc600000)
  to   space 49152K, 0% used [0x00000000fcf80000,0x00000000fcf80000,0x00000000fff80000)
 ParOldGen       total 209408K, used 134294K [0x00000000a0000000, 0x00000000acc80000, 0x00000000e0000000)
  object space 209408K, 64% used [0x00000000a0000000,0x00000000a8325a98,0x00000000acc80000)
 Metaspace       used 97722K, capacity 101976K, committed 103320K, reserved 1138688K
  class space    used 12580K, capacity 13502K, committed 13736K, reserved 1048576K
}

