# JRE version: OpenJDK Runtime Environment (8.0_242-b01) (build 1.8.0_242-release-1644-b01)
# Java VM: OpenJDK 64-Bit Server VM (25.242-b01 mixed mode windows-amd64 compressed oops)
Heap:
 PSYoungGen      total 453632K, used 67661K [0x00000000e0000000, 0x00000000ff680000, 0x0000000100000000)
  eden space 399872K, 11% used [0x00000000e0000000,0x00000000e2ce8968,0x00000000f8680000)
  from space 53760K, 40% used [0x00000000fc200000,0x00000000fd72ab08,0x00000000ff680000)
  to   space 57344K, 0% used [0x00000000f8680000,0x00000000f8680000,0x00000000fbe80000)
 ParOldGen       total 193024K, used 113114K [0x00000000a0000000, 0x00000000abc80000, 0x00000000e0000000)
  object space 193024K, 58% used [0x00000000a0000000,0x00000000a6e76bc8,0x00000000abc80000)
 Metaspace       used 94729K, capacity 99000K, committed 99752K, reserved 1136640K
  class space    used 12286K, capacity 13265K, committed 13480K, reserved 1048576K
GC Heap History (10 events):
Event: 976.380 GC heap before
{Heap before GC invocations=36 (full 4):
 PSYoungGen      total 373248K, used 312743K [0x00000000e0000000, 0x00000000fd500000, 0x0000000100000000)
  eden space 303616K, 100% used [0x00000000e0000000,0x00000000f2880000,0x00000000f2880000)
  from space 69632K, 13% used [0x00000000f2880000,0x00000000f3169c18,0x00000000f6c80000)
  to   space 69120K, 0% used [0x00000000f9180000,0x00000000f9180000,0x00000000fd500000)
 ParOldGen       total 193024K, used 113090K [0x00000000a0000000, 0x00000000abc80000, 0x00000000e0000000)
  object space 193024K, 58% used [0x00000000a0000000,0x00000000a6e70bc8,0x00000000abc80000)
 Metaspace       used 94427K, capacity 98680K, committed 99496K, reserved 1134592K
  class space    used 12284K, capacity 13233K, committed 13480K, reserved 1048576K
Event: 976.403 GC heap after
Heap after GC invocations=36 (full 4):
 PSYoungGen      total 411648K, used 12410K [0x00000000e0000000, 0x00000000fd400000, 0x0000000100000000)
  eden space 343552K, 0% used [0x00000000e0000000,0x00000000e0000000,0x00000000f4f80000)
  from space 68096K, 18% used [0x00000000f9180000,0x00000000f9d9e880,0x00000000fd400000)
  to   space 67584K, 0% used [0x00000000f4f80000,0x00000000f4f80000,0x00000000f9180000)
 ParOldGen       total 193024K, used 113090K [0x00000000a0000000, 0x00000000abc80000, 0x00000000e0000000)
  object space 193024K, 58% used [0x00000000a0000000,0x00000000a6e70bc8,0x00000000abc80000)
 Metaspace       used 94427K, capacity 98680K, committed 99496K, reserved 1134592K
  class space    used 12284K, capacity 13233K, committed 13480K, reserved 1048576K
}
Event: 977.609 GC heap before
{Heap before GC invocations=37 (full 4):
 PSYoungGen      total 411648K, used 355962K [0x00000000e0000000, 0x00000000fd400000, 0x0000000100000000)
  eden space 343552K, 100% used [0x00000000e0000000,0x00000000f4f80000,0x00000000f4f80000)
  from space 68096K, 18% used [0x00000000f9180000,0x00000000f9d9e880,0x00000000fd400000)
  to   space 67584K, 0% used [0x00000000f4f80000,0x00000000f4f80000,0x00000000f9180000)
 ParOldGen       total 193024K, used 113090K [0x00000000a0000000, 0x00000000abc80000, 0x00000000e0000000)
  object space 193024K, 58% used [0x00000000a0000000,0x00000000a6e70bc8,0x00000000abc80000)
 Metaspace       used 94539K, capacity 98808K, committed 99752K, reserved 1136640K
  class space    used 12285K, capacity 13233K, committed 13480K, reserved 1048576K
Event: 977.639 GC heap after
Heap after GC invocations=37 (full 4):
 PSYoungGen      total 411136K, used 13299K [0x00000000e0000000, 0x00000000ff680000, 0x0000000100000000)
  eden space 343552K, 0% used [0x00000000e0000000,0x00000000e0000000,0x00000000f4f80000)
  from space 67584K, 19% used [0x00000000f4f80000,0x00000000f5c7cf48,0x00000000f9180000)
  to   space 65536K, 0% used [0x00000000fb680000,0x00000000fb680000,0x00000000ff680000)
 ParOldGen       total 193024K, used 113098K [0x00000000a0000000, 0x00000000abc80000, 0x00000000e0000000)
  object space 193024K, 58% used [0x00000000a0000000,0x00000000a6e72bc8,0x00000000abc80000)
 Metaspace       used 94539K, capacity 98808K, committed 99752K, reserved 1136640K
  class space    used 12285K, capacity 13233K, committed 13480K, reserved 1048576K
}
Event: 978.922 GC heap before
{Heap before GC invocations=38 (full 4):
 PSYoungGen      total 411136K, used 356851K [0x00000000e0000000, 0x00000000ff680000, 0x0000000100000000)
  eden space 343552K, 100% used [0x00000000e0000000,0x00000000f4f80000,0x00000000f4f80000)
  from space 67584K, 19% used [0x00000000f4f80000,0x00000000f5c7cf48,0x00000000f9180000)
  to   space 65536K, 0% used [0x00000000fb680000,0x00000000fb680000,0x00000000ff680000)
 ParOldGen       total 193024K, used 113098K [0x00000000a0000000, 0x00000000abc80000, 0x00000000e0000000)
  object space 193024K, 58% used [0x00000000a0000000,0x00000000a6e72bc8,0x00000000abc80000)
 Metaspace       used 94676K, capacity 98896K, committed 99752K, reserved 1136640K
  class space    used 12285K, capacity 13233K, committed 13480K, reserved 1048576K
Event: 978.946 GC heap after
Heap after GC invocations=38 (full 4):
 PSYoungGen      total 443904K, used 12301K [0x00000000e0000000, 0x00000000ff200000, 0x0000000100000000)
  eden space 382976K, 0% used [0x00000000e0000000,0x00000000e0000000,0x00000000f7600000)
  from space 60928K, 20% used [0x00000000fb680000,0x00000000fc283430,0x00000000ff200000)
  to   space 63488K, 0% used [0x00000000f7600000,0x00000000f7600000,0x00000000fb400000)
 ParOldGen       total 193024K, used 113106K [0x00000000a0000000, 0x00000000abc80000, 0x00000000e0000000)
  object space 193024K, 58% used [0x00000000a0000000,0x00000000a6e74bc8,0x00000000abc80000)
 Metaspace       used 94676K, capacity 98896K, committed 99752K, reserved 1136640K
  class space    used 12285K, capacity 13233K, committed 13480K, reserved 1048576K
}
Event: 980.407 GC heap before
{Heap before GC invocations=39 (full 4):
 PSYoungGen      total 443904K, used 395277K [0x00000000e0000000, 0x00000000ff200000, 0x0000000100000000)
  eden space 382976K, 100% used [0x00000000e0000000,0x00000000f7600000,0x00000000f7600000)
  from space 60928K, 20% used [0x00000000fb680000,0x00000000fc283430,0x00000000ff200000)
  to   space 63488K, 0% used [0x00000000f7600000,0x00000000f7600000,0x00000000fb400000)
 ParOldGen       total 193024K, used 113106K [0x00000000a0000000, 0x00000000abc80000, 0x00000000e0000000)
  object space 193024K, 58% used [0x00000000a0000000,0x00000000a6e74bc8,0x00000000abc80000)
 Metaspace       used 94710K, capacity 98964K, committed 99752K, reserved 1136640K
  class space    used 12285K, capacity 13233K, committed 13480K, reserved 1048576K
Event: 980.435 GC heap after
Heap after GC invocations=39 (full 4):
 PSYoungGen      total 446464K, used 15688K [0x00000000e0000000, 0x00000000ffd80000, 0x0000000100000000)
  eden space 382976K, 0% used [0x00000000e0000000,0x00000000e0000000,0x00000000f7600000)
  from space 63488K, 24% used [0x00000000f7600000,0x00000000f8552098,0x00000000fb400000)
  to   space 60928K, 0% used [0x00000000fc200000,0x00000000fc200000,0x00000000ffd80000)
 ParOldGen       total 193024K, used 113114K [0x00000000a0000000, 0x00000000abc80000, 0x00000000e0000000)
  object space 193024K, 58% used [0x00000000a0000000,0x00000000a6e76bc8,0x00000000abc80000)
 Metaspace       used 94710K, capacity 98964K, committed 99752K, reserved 1136640K
  class space    used 12285K, capacity 13233K, committed 13480K, reserved 1048576K
}
Event: 982.221 GC heap before
{Heap before GC invocations=40 (full 4):
 PSYoungGen      total 446464K, used 398664K [0x00000000e0000000, 0x00000000ffd80000, 0x0000000100000000)
  eden space 382976K, 100% used [0x00000000e0000000,0x00000000f7600000,0x00000000f7600000)
  from space 63488K, 24% used [0x00000000f7600000,0x00000000f8552098,0x00000000fb400000)
  to   space 60928K, 0% used [0x00000000fc200000,0x00000000fc200000,0x00000000ffd80000)
 ParOldGen       total 193024K, used 113114K [0x00000000a0000000, 0x00000000abc80000, 0x00000000e0000000)
  object space 193024K, 58% used [0x00000000a0000000,0x00000000a6e76bc8,0x00000000abc80000)
 Metaspace       used 94727K, capacity 98968K, committed 99752K, reserved 1136640K
  class space    used 12285K, capacity 13233K, committed 13480K, reserved 1048576K
Event: 982.282 GC heap after
Heap after GC invocations=40 (full 4):
 PSYoungGen      total 453632K, used 21674K [0x00000000e0000000, 0x00000000ff680000, 0x0000000100000000)
  eden space 399872K, 0% used [0x00000000e0000000,0x00000000e0000000,0x00000000f8680000)
  from space 53760K, 40% used [0x00000000fc200000,0x00000000fd72ab08,0x00000000ff680000)
  to   space 57344K, 0% used [0x00000000f8680000,0x00000000f8680000,0x00000000fbe80000)
 ParOldGen       total 193024K, used 113114K [0x00000000a0000000, 0x00000000abc80000, 0x00000000e0000000)
  object space 193024K, 58% used [0x00000000a0000000,0x00000000a6e76bc8,0x00000000abc80000)
 Metaspace       used 94727K, capacity 98968K, committed 99752K, reserved 1136640K
  class space    used 12285K, capacity 13233K, committed 13480K, reserved 1048576K
}

