# JRE version: OpenJDK Runtime Environment (8.0_242-b01) (build 1.8.0_242-release-1644-b01)
# Java VM: OpenJDK 64-Bit Server VM (25.242-b01 mixed mode windows-amd64 compressed oops)
Heap:
 PSYoungGen      total 454144K, used 82830K [0x00000000e0000000, 0x0000000100000000, 0x0000000100000000)
  eden space 411648K, 20% used [0x00000000e0000000,0x00000000e50e3bc0,0x00000000f9200000)
  from space 42496K, 0% used [0x00000000fd680000,0x00000000fd680000,0x0000000100000000)
  to   space 56320K, 0% used [0x00000000f9200000,0x00000000f9200000,0x00000000fc900000)
 ParOldGen       total 309760K, used 102394K [0x00000000a0000000, 0x00000000b2e80000, 0x00000000e0000000)
  object space 309760K, 33% used [0x00000000a0000000,0x00000000a63febe0,0x00000000b2e80000)
 Metaspace       used 84501K, capacity 87919K, committed 89368K, reserved 1126400K
  class space    used 10984K, capacity 11703K, committed 12072K, reserved 1048576K
GC Heap History (10 events):
Event: 72.625 GC heap before
{Heap before GC invocations=46 (full 3):
 PSYoungGen      total 483328K, used 461627K [0x00000000e0000000, 0x00000000ffe80000, 0x0000000100000000)
  eden space 444928K, 100% used [0x00000000e0000000,0x00000000fb280000,0x00000000fb280000)
  from space 38400K, 43% used [0x00000000fd900000,0x00000000fe94ed68,0x00000000ffe80000)
  to   space 38912K, 0% used [0x00000000fb280000,0x00000000fb280000,0x00000000fd880000)
 ParOldGen       total 177152K, used 138041K [0x00000000a0000000, 0x00000000aad00000, 0x00000000e0000000)
  object space 177152K, 77% used [0x00000000a0000000,0x00000000a86ce790,0x00000000aad00000)
 Metaspace       used 73961K, capacity 77805K, committed 77976K, reserved 1116160K
  class space    used 9979K, capacity 10836K, committed 10920K, reserved 1048576K
Event: 72.969 GC heap after
Heap after GC invocations=46 (full 3):
 PSYoungGen      total 483328K, used 461627K [0x00000000e0000000, 0x00000000ffe80000, 0x0000000100000000)
  eden space 444928K, 100% used [0x00000000e0000000,0x00000000fb280000,0x00000000fb280000)
  from space 38400K, 43% used [0x00000000fd900000,0x00000000fe94ed68,0x00000000ffe80000)
  to   space 38912K, 99% used [0x00000000fb280000,0x00000000fd87d538,0x00000000fd880000)
 ParOldGen       total 218112K, used 217608K [0x00000000a0000000, 0x00000000ad500000, 0x00000000e0000000)
  object space 218112K, 99% used [0x00000000a0000000,0x00000000ad482038,0x00000000ad500000)
 Metaspace       used 73961K, capacity 77805K, committed 77976K, reserved 1116160K
  class space    used 9979K, capacity 10836K, committed 10920K, reserved 1048576K
}
Event: 72.969 GC heap before
{Heap before GC invocations=47 (full 4):
 PSYoungGen      total 483328K, used 461627K [0x00000000e0000000, 0x00000000ffe80000, 0x0000000100000000)
  eden space 444928K, 100% used [0x00000000e0000000,0x00000000fb280000,0x00000000fb280000)
  from space 38400K, 43% used [0x00000000fd900000,0x00000000fe94ed68,0x00000000ffe80000)
  to   space 38912K, 99% used [0x00000000fb280000,0x00000000fd87d538,0x00000000fd880000)
 ParOldGen       total 218112K, used 217608K [0x00000000a0000000, 0x00000000ad500000, 0x00000000e0000000)
  object space 218112K, 99% used [0x00000000a0000000,0x00000000ad482038,0x00000000ad500000)
 Metaspace       used 73961K, capacity 77805K, committed 77976K, reserved 1116160K
  class space    used 9979K, capacity 10836K, committed 10920K, reserved 1048576K
Event: 73.839 GC heap after
Heap after GC invocations=47 (full 4):
 PSYoungGen      total 483328K, used 0K [0x00000000e0000000, 0x00000000ffe80000, 0x0000000100000000)
  eden space 444928K, 0% used [0x00000000e0000000,0x00000000e0000000,0x00000000fb280000)
  from space 38400K, 0% used [0x00000000fd900000,0x00000000fd900000,0x00000000ffe80000)
  to   space 38912K, 0% used [0x00000000fb280000,0x00000000fb280000,0x00000000fd880000)
 ParOldGen       total 218112K, used 186744K [0x00000000a0000000, 0x00000000ad500000, 0x00000000e0000000)
  object space 218112K, 85% used [0x00000000a0000000,0x00000000ab65e0f8,0x00000000ad500000)
 Metaspace       used 73727K, capacity 77189K, committed 77976K, reserved 1116160K
  class space    used 9900K, capacity 10696K, committed 10920K, reserved 1048576K
}
Event: 80.573 GC heap before
{Heap before GC invocations=48 (full 4):
 PSYoungGen      total 483328K, used 444928K [0x00000000e0000000, 0x00000000ffe80000, 0x0000000100000000)
  eden space 444928K, 100% used [0x00000000e0000000,0x00000000fb280000,0x00000000fb280000)
  from space 38400K, 0% used [0x00000000fd900000,0x00000000fd900000,0x00000000ffe80000)
  to   space 38912K, 0% used [0x00000000fb280000,0x00000000fb280000,0x00000000fd880000)
 ParOldGen       total 218112K, used 186744K [0x00000000a0000000, 0x00000000ad500000, 0x00000000e0000000)
  object space 218112K, 85% used [0x00000000a0000000,0x00000000ab65e0f8,0x00000000ad500000)
 Metaspace       used 78067K, capacity 81651K, committed 82072K, reserved 1120256K
  class space    used 10507K, capacity 11299K, committed 11432K, reserved 1048576K
Event: 80.606 GC heap after
Heap after GC invocations=48 (full 4):
 PSYoungGen      total 480768K, used 35559K [0x00000000e0000000, 0x0000000100000000, 0x0000000100000000)
  eden space 444928K, 0% used [0x00000000e0000000,0x00000000e0000000,0x00000000fb280000)
  from space 35840K, 99% used [0x00000000fb280000,0x00000000fd539cd0,0x00000000fd580000)
  to   space 42496K, 0% used [0x00000000fd680000,0x00000000fd680000,0x0000000100000000)
 ParOldGen       total 218112K, used 186752K [0x00000000a0000000, 0x00000000ad500000, 0x00000000e0000000)
  object space 218112K, 85% used [0x00000000a0000000,0x00000000ab6600f8,0x00000000ad500000)
 Metaspace       used 78067K, capacity 81651K, committed 82072K, reserved 1120256K
  class space    used 10507K, capacity 11299K, committed 11432K, reserved 1048576K
}
Event: 3377.645 GC heap before
{Heap before GC invocations=49 (full 4):
 PSYoungGen      total 480768K, used 480487K [0x00000000e0000000, 0x0000000100000000, 0x0000000100000000)
  eden space 444928K, 100% used [0x00000000e0000000,0x00000000fb280000,0x00000000fb280000)
  from space 35840K, 99% used [0x00000000fb280000,0x00000000fd539cd0,0x00000000fd580000)
  to   space 42496K, 0% used [0x00000000fd680000,0x00000000fd680000,0x0000000100000000)
 ParOldGen       total 218112K, used 186752K [0x00000000a0000000, 0x00000000ad500000, 0x00000000e0000000)
  object space 218112K, 85% used [0x00000000a0000000,0x00000000ab6600f8,0x00000000ad500000)
 Metaspace       used 84885K, capacity 88833K, committed 89112K, reserved 1126400K
  class space    used 11114K, capacity 11994K, committed 12072K, reserved 1048576K
Event: 3377.740 GC heap after
Heap after GC invocations=49 (full 4):
 PSYoungGen      total 454144K, used 42475K [0x00000000e0000000, 0x0000000100000000, 0x0000000100000000)
  eden space 411648K, 0% used [0x00000000e0000000,0x00000000e0000000,0x00000000f9200000)
  from space 42496K, 99% used [0x00000000fd680000,0x00000000ffffad30,0x0000000100000000)
  to   space 56320K, 0% used [0x00000000f9200000,0x00000000f9200000,0x00000000fc900000)
 ParOldGen       total 218112K, used 211163K [0x00000000a0000000, 0x00000000ad500000, 0x00000000e0000000)
  object space 218112K, 96% used [0x00000000a0000000,0x00000000ace36e10,0x00000000ad500000)
 Metaspace       used 84885K, capacity 88833K, committed 89112K, reserved 1126400K
  class space    used 11114K, capacity 11994K, committed 12072K, reserved 1048576K
}
Event: 3377.740 GC heap before
{Heap before GC invocations=50 (full 5):
 PSYoungGen      total 454144K, used 42475K [0x00000000e0000000, 0x0000000100000000, 0x0000000100000000)
  eden space 411648K, 0% used [0x00000000e0000000,0x00000000e0000000,0x00000000f9200000)
  from space 42496K, 99% used [0x00000000fd680000,0x00000000ffffad30,0x0000000100000000)
  to   space 56320K, 0% used [0x00000000f9200000,0x00000000f9200000,0x00000000fc900000)
 ParOldGen       total 218112K, used 211163K [0x00000000a0000000, 0x00000000ad500000, 0x00000000e0000000)
  object space 218112K, 96% used [0x00000000a0000000,0x00000000ace36e10,0x00000000ad500000)
 Metaspace       used 84885K, capacity 88833K, committed 89112K, reserved 1126400K
  class space    used 11114K, capacity 11994K, committed 12072K, reserved 1048576K
Event: 3378.100 GC heap after
Heap after GC invocations=50 (full 5):
 PSYoungGen      total 454144K, used 0K [0x00000000e0000000, 0x0000000100000000, 0x0000000100000000)
  eden space 411648K, 0% used [0x00000000e0000000,0x00000000e0000000,0x00000000f9200000)
  from space 42496K, 0% used [0x00000000fd680000,0x00000000fd680000,0x0000000100000000)
  to   space 56320K, 0% used [0x00000000f9200000,0x00000000f9200000,0x00000000fc900000)
 ParOldGen       total 309760K, used 102394K [0x00000000a0000000, 0x00000000b2e80000, 0x00000000e0000000)
  object space 309760K, 33% used [0x00000000a0000000,0x00000000a63febe0,0x00000000b2e80000)
 Metaspace       used 84042K, capacity 87367K, committed 89112K, reserved 1126400K
  class space    used 10933K, capacity 11627K, committed 12072K, reserved 1048576K
}

