# JRE version: OpenJDK Runtime Environment (8.0_242-b01) (build 1.8.0_242-release-1644-b01)
# Java VM: OpenJDK 64-Bit Server VM (25.242-b01 mixed mode windows-amd64 compressed oops)
Heap:
 PSYoungGen      total 462848K, used 112667K [0x00000000e0000000, 0x0000000100000000, 0x0000000100000000)
  eden space 402432K, 23% used [0x00000000e0000000,0x00000000e5ceda60,0x00000000f8900000)
  from space 60416K, 28% used [0x00000000fc500000,0x00000000fd619450,0x0000000100000000)
  to   space 60928K, 0% used [0x00000000f8900000,0x00000000f8900000,0x00000000fc480000)
 ParOldGen       total 286720K, used 196646K [0x00000000a0000000, 0x00000000b1800000, 0x00000000e0000000)
  object space 286720K, 68% used [0x00000000a0000000,0x00000000ac009bb0,0x00000000b1800000)
 Metaspace       used 90831K, capacity 94900K, committed 95128K, reserved 1132544K
  class space    used 11670K, capacity 12605K, committed 12712K, reserved 1048576K
GC Heap History (10 events):
Event: 140.537 GC heap before
{Heap before GC invocations=18 (full 3):
 PSYoungGen      total 398848K, used 390330K [0x00000000e0000000, 0x00000000fb400000, 0x0000000100000000)
  eden space 370688K, 100% used [0x00000000e0000000,0x00000000f6a00000,0x00000000f6a00000)
  from space 28160K, 69% used [0x00000000f9880000,0x00000000fabae968,0x00000000fb400000)
  to   space 37888K, 0% used [0x00000000f6a00000,0x00000000f6a00000,0x00000000f8f00000)
 ParOldGen       total 143872K, used 80803K [0x00000000a0000000, 0x00000000a8c80000, 0x00000000e0000000)
  object space 143872K, 56% used [0x00000000a0000000,0x00000000a4ee8f60,0x00000000a8c80000)
 Metaspace       used 78001K, capacity 80706K, committed 80920K, reserved 1120256K
  class space    used 10060K, capacity 10720K, committed 10792K, reserved 1048576K
Event: 140.612 GC heap after
Heap after GC invocations=18 (full 3):
 PSYoungGen      total 408576K, used 37877K [0x00000000e0000000, 0x0000000100000000, 0x0000000100000000)
  eden space 370688K, 0% used [0x00000000e0000000,0x00000000e0000000,0x00000000f6a00000)
  from space 37888K, 99% used [0x00000000f6a00000,0x00000000f8efd628,0x00000000f8f00000)
  to   space 56320K, 0% used [0x00000000fc900000,0x00000000fc900000,0x0000000100000000)
 ParOldGen       total 143872K, used 114477K [0x00000000a0000000, 0x00000000a8c80000, 0x00000000e0000000)
  object space 143872K, 79% used [0x00000000a0000000,0x00000000a6fcb6d0,0x00000000a8c80000)
 Metaspace       used 78001K, capacity 80706K, committed 80920K, reserved 1120256K
  class space    used 10060K, capacity 10720K, committed 10792K, reserved 1048576K
}
Event: 140.612 GC heap before
{Heap before GC invocations=19 (full 4):
 PSYoungGen      total 408576K, used 37877K [0x00000000e0000000, 0x0000000100000000, 0x0000000100000000)
  eden space 370688K, 0% used [0x00000000e0000000,0x00000000e0000000,0x00000000f6a00000)
  from space 37888K, 99% used [0x00000000f6a00000,0x00000000f8efd628,0x00000000f8f00000)
  to   space 56320K, 0% used [0x00000000fc900000,0x00000000fc900000,0x0000000100000000)
 ParOldGen       total 143872K, used 114477K [0x00000000a0000000, 0x00000000a8c80000, 0x00000000e0000000)
  object space 143872K, 79% used [0x00000000a0000000,0x00000000a6fcb6d0,0x00000000a8c80000)
 Metaspace       used 78001K, capacity 80706K, committed 80920K, reserved 1120256K
  class space    used 10060K, capacity 10720K, committed 10792K, reserved 1048576K
Event: 141.011 GC heap after
Heap after GC invocations=19 (full 4):
 PSYoungGen      total 408576K, used 0K [0x00000000e0000000, 0x0000000100000000, 0x0000000100000000)
  eden space 370688K, 0% used [0x00000000e0000000,0x00000000e0000000,0x00000000f6a00000)
  from space 37888K, 0% used [0x00000000f6a00000,0x00000000f6a00000,0x00000000f8f00000)
  to   space 56320K, 0% used [0x00000000fc900000,0x00000000fc900000,0x0000000100000000)
 ParOldGen       total 286720K, used 131479K [0x00000000a0000000, 0x00000000b1800000, 0x00000000e0000000)
  object space 286720K, 45% used [0x00000000a0000000,0x00000000a8065d88,0x00000000b1800000)
 Metaspace       used 77954K, capacity 80572K, committed 80920K, reserved 1120256K
  class space    used 10045K, capacity 10693K, committed 10792K, reserved 1048576K
}
Event: 147.261 GC heap before
{Heap before GC invocations=20 (full 4):
 PSYoungGen      total 408576K, used 370688K [0x00000000e0000000, 0x0000000100000000, 0x0000000100000000)
  eden space 370688K, 100% used [0x00000000e0000000,0x00000000f6a00000,0x00000000f6a00000)
  from space 37888K, 0% used [0x00000000f6a00000,0x00000000f6a00000,0x00000000f8f00000)
  to   space 56320K, 0% used [0x00000000fc900000,0x00000000fc900000,0x0000000100000000)
 ParOldGen       total 286720K, used 131479K [0x00000000a0000000, 0x00000000b1800000, 0x00000000e0000000)
  object space 286720K, 45% used [0x00000000a0000000,0x00000000a8065d88,0x00000000b1800000)
 Metaspace       used 79922K, capacity 82532K, committed 82840K, reserved 1122304K
  class space    used 10186K, capacity 10855K, committed 10920K, reserved 1048576K
Event: 147.319 GC heap after
Heap after GC invocations=20 (full 4):
 PSYoungGen      total 468480K, used 29647K [0x00000000e0000000, 0x0000000100000000, 0x0000000100000000)
  eden space 412160K, 0% used [0x00000000e0000000,0x00000000e0000000,0x00000000f9280000)
  from space 56320K, 52% used [0x00000000fc900000,0x00000000fe5f3cb0,0x0000000100000000)
  to   space 55808K, 0% used [0x00000000f9280000,0x00000000f9280000,0x00000000fc900000)
 ParOldGen       total 286720K, used 131479K [0x00000000a0000000, 0x00000000b1800000, 0x00000000e0000000)
  object space 286720K, 45% used [0x00000000a0000000,0x00000000a8065d88,0x00000000b1800000)
 Metaspace       used 79922K, capacity 82532K, committed 82840K, reserved 1122304K
  class space    used 10186K, capacity 10855K, committed 10920K, reserved 1048576K
}
Event: 150.694 GC heap before
{Heap before GC invocations=21 (full 4):
 PSYoungGen      total 468480K, used 441807K [0x00000000e0000000, 0x0000000100000000, 0x0000000100000000)
  eden space 412160K, 100% used [0x00000000e0000000,0x00000000f9280000,0x00000000f9280000)
  from space 56320K, 52% used [0x00000000fc900000,0x00000000fe5f3cb0,0x0000000100000000)
  to   space 55808K, 0% used [0x00000000f9280000,0x00000000f9280000,0x00000000fc900000)
 ParOldGen       total 286720K, used 131479K [0x00000000a0000000, 0x00000000b1800000, 0x00000000e0000000)
  object space 286720K, 45% used [0x00000000a0000000,0x00000000a8065d88,0x00000000b1800000)
 Metaspace       used 89832K, capacity 93770K, committed 93976K, reserved 1130496K
  class space    used 11593K, capacity 12518K, committed 12584K, reserved 1048576K
Event: 150.782 GC heap after
Heap after GC invocations=21 (full 4):
 PSYoungGen      total 463872K, used 51656K [0x00000000e0000000, 0x0000000100000000, 0x0000000100000000)
  eden space 412160K, 0% used [0x00000000e0000000,0x00000000e0000000,0x00000000f9280000)
  from space 51712K, 99% used [0x00000000f9280000,0x00000000fc4f21a0,0x00000000fc500000)
  to   space 60416K, 0% used [0x00000000fc500000,0x00000000fc500000,0x0000000100000000)
 ParOldGen       total 286720K, used 160310K [0x00000000a0000000, 0x00000000b1800000, 0x00000000e0000000)
  object space 286720K, 55% used [0x00000000a0000000,0x00000000a9c8db98,0x00000000b1800000)
 Metaspace       used 89832K, capacity 93770K, committed 93976K, reserved 1130496K
  class space    used 11593K, capacity 12518K, committed 12584K, reserved 1048576K
}
Event: 153.003 GC heap before
{Heap before GC invocations=22 (full 4):
 PSYoungGen      total 463872K, used 463816K [0x00000000e0000000, 0x0000000100000000, 0x0000000100000000)
  eden space 412160K, 100% used [0x00000000e0000000,0x00000000f9280000,0x00000000f9280000)
  from space 51712K, 99% used [0x00000000f9280000,0x00000000fc4f21a0,0x00000000fc500000)
  to   space 60416K, 0% used [0x00000000fc500000,0x00000000fc500000,0x0000000100000000)
 ParOldGen       total 286720K, used 160310K [0x00000000a0000000, 0x00000000b1800000, 0x00000000e0000000)
  object space 286720K, 55% used [0x00000000a0000000,0x00000000a9c8db98,0x00000000b1800000)
 Metaspace       used 90707K, capacity 94704K, committed 94744K, reserved 1132544K
  class space    used 11651K, capacity 12565K, committed 12584K, reserved 1048576K
Event: 153.090 GC heap after
Heap after GC invocations=22 (full 4):
 PSYoungGen      total 462848K, used 17509K [0x00000000e0000000, 0x0000000100000000, 0x0000000100000000)
  eden space 402432K, 0% used [0x00000000e0000000,0x00000000e0000000,0x00000000f8900000)
  from space 60416K, 28% used [0x00000000fc500000,0x00000000fd619450,0x0000000100000000)
  to   space 60928K, 0% used [0x00000000f8900000,0x00000000f8900000,0x00000000fc480000)
 ParOldGen       total 286720K, used 196646K [0x00000000a0000000, 0x00000000b1800000, 0x00000000e0000000)
  object space 286720K, 68% used [0x00000000a0000000,0x00000000ac009bb0,0x00000000b1800000)
 Metaspace       used 90707K, capacity 94704K, committed 94744K, reserved 1132544K
  class space    used 11651K, capacity 12565K, committed 12584K, reserved 1048576K
}

